Arguments: 
  E:\nvm\nodejs\node.exe E:\nvm\nodejs\node_modules\yarn\bin\yarn.js install

PATH: 
  C:\ProgramData\Oracle\Java\javapath;C:\WINDOWS\system32;C:\WINDOWS;C:\WINDOWS\System32\Wbem;C:\WINDOWS\System32\WindowsPowerShell\v1.0\;C:\Users\王帅\node_modules\.bin;E;\Desktop\phabricator;E:\Desktop\phabricator\arcanist\bin;e:\Ruby25-x64\bin;E:\wamp\bin\php\php7.2.4;E:\Program Files\MongoDB\Server\3.4\bin;C:\ProgramData\chocolatey\bin;E:\Program Files\bin;E:\chocolatey\bin;C:\WINDOWS\System32\OpenSSH\;E:\Go\bin;e:\Program Files (x86)\Microsoft VS Code\bin;e:\Program Files\Git\cmd;E:\mysql-8.0.13-winx64\bin;E:\nvm\nvm;E:\nvm\nodejs;E:\Android\sdk\tools;E:\Android\sdk\platform-tools;E:\Java\jdk1.8.0_111\bin;E:\Java\jdk1.8.0_111\jre\bin;E:\flutter\bin;C:\Program Files\dotnet\;C:\Program Files\Microsoft SQL Server\130\Tools\Binn\;C:\Program Files\Microsoft SQL Server\Client SDK\ODBC\170\Tools\Binn\;E:\python\Scripts\;E:\python\;e:\Ruby25-x64\bin;C:\Users\王帅\AppData\Local\Microsoft\WindowsApps;e:\Program Files (x86)\Microsoft VS Code\bin;C:\Users\王帅\AppData\Roaming\Composer\vendor\bin;C:\Users\王帅\go\bin;C:\Users\王帅\AppData\Roaming\npm;C:\tools\dart-sdk\bin;C:\Users\王帅\AppData\Roaming\Pub\Cache\bin;E:\Program Files\Fiddler;E:\Program Files\;E:\nvm\nvm;E:\nvm\nodejs

Yarn version: 
  1.15.2

Node version: 
  8.12.0

Platform: 
  win32 x64

Trace: 
  Error: ENOENT: no such file or directory, copyfile 'C:\Users\王帅\AppData\Local\Yarn\Cache\v4\npm-big-js-3.2.0-a5fc298b81b9e0dca2e458824784b65c52ba588e\node_modules\big.js\big.min.js' -> 'E:\Desktop\创建动态个人简历\my\node_modules\babel-loader\node_modules\big.js\big.min.js'

npm manifest: 
  {
    "name": "my",
    "version": "1.0.0",
    "description": "",
    "main": "app.js",
    "scripts": {
      "test": "echo \"Error: no test specified\" && exit 1",
      "lint": "jshint .",
      "validate": "npm ls",
      "start": "webpack-dev-server  --config webpack.config.js",
      "build": "webpack --config webpack.config.js",
      "dev": "webpack-dev-server --config webpack.config.js"
    },
    "author": "",
    "license": "ISC",
    "dependencies": {
      "webpack": "^2.3.2"
    },
    "devDependencies": {
      "babel-core": "^6.24.0",
      "babel-loader": "^6.4.1",
      "babel-preset-es2015": "^6.24.0",
      "css-loader": "^0.27.3",
      "extract-text-webpack-plugin": "^2.1.0",
      "html-webpack-plugin": "^2.28.0",
      "marked": "^0.3.6",
      "node-sass": "^4.9.2",
      "precommit-hook": "^3.0.0",
      "prismjs": "^1.6.0",
      "sass-loader": "^6.0.7",
      "standard": "^9.0.2",
      "style-loader": "^0.16.1",
      "webpack-dev-server": "^2.4.2"
    },
    "pre-commit": [
      "lint"
    ],
    "standard": {
      "ignore": "dist"
    }
  }

yarn manifest: 
  No manifest

Lockfile: 
  No lockfile
